Arguments: 
  C:\Program Files\nodejs\node.exe C:\Users\kylel\AppData\Roaming\npm\node_modules\yarn\bin\yarn.js add scrollReveal.js

PATH: 
  C:\Users\kylel\Anaconda3\envs\myenv;C:\Users\kylel\Anaconda3\envs\myenv\Library\mingw-w64\bin;C:\Users\kylel\Anaconda3\envs\myenv\Library\usr\bin;C:\Users\kylel\Anaconda3\envs\myenv\Library\bin;C:\Users\kylel\Anaconda3\envs\myenv\Scripts;C:\Users\kylel\Anaconda3\envs\myenv\bin;C:\Users\kylel\bin;C:\Program Files\Git\mingw64\bin;C:\Program Files\Git\usr\local\bin;C:\Program Files\Git\usr\bin;C:\Program Files\Git\usr\bin;C:\Program Files\Git\mingw64\bin;C:\Program Files\Git\usr\bin;C:\Users\kylel\bin;C:\Program Files (x86)\Common Files\Oracle\Java\javapath;C:\Program Files (x86)\Intel\Intel(R) Management Engine Components\iCLS;C:\Program Files\Intel\Intel(R) Management Engine Components\iCLS;C:\WINDOWS\system32;C:\WINDOWS;C:\WINDOWS\System32\Wbem;C:\WINDOWS\System32\WindowsPowerShell\v1.0;C:\Program Files (x86)\Intel\Intel(R) Management Engine Components\DAL;C:\Program Files\Intel\Intel(R) Management Engine Components\DAL;C:\Program Files (x86)\Intel\Intel(R) Management Engine Components\IPT;C:\Program Files\Intel\Intel(R) Management Engine Components\IPT;C:\Program Files\Git\cmd;C:\Program Files\Microsoft VS Code\bin;C:\WINDOWS\System32\OpenSSH;C:\Program Files\dotnet;C:\Program Files\Microsoft SQL Server\130\Tools\Binn;C:\Program Files\MySQL\MySQL Utilities 1.6;C:\Program Files\MongoDB\Server\4.0\bin;C:\Program Files\Chromedriver\chromedriver.exe;C:\Program Files\nodejs;C:\Users\kylel\Anaconda3;C:\Users\kylel\Anaconda3\Library\mingw-w64\bin;C:\Users\kylel\Anaconda3\Library\usr\bin;C:\Users\kylel\Anaconda3\Library\bin;C:\Users\kylel\Anaconda3\Scripts;C:\Users\kylel\AppData\Local\Microsoft\WindowsApps;C:\Program Files\heroku\bin;C:\Program Files\chromedriver.exe;C:\Users\kylel\AppData\Roaming\npm;C:\Program Files\Git\usr\bin\vendor_perl;C:\Program Files\Git\usr\bin\core_perl

Yarn version: 
  1.13.0

Node version: 
  10.15.0

Platform: 
  win32 x64

Trace: 
  Error: https://registry.yarnpkg.com/scrollReveal.js: Not found
      at Request.params.callback [as _callback] (C:\Users\kylel\AppData\Roaming\npm\node_modules\yarn\lib\cli.js:66255:18)
      at Request.self.callback (C:\Users\kylel\AppData\Roaming\npm\node_modules\yarn\lib\cli.js:129397:22)
      at Request.emit (events.js:182:13)
      at Request.<anonymous> (C:\Users\kylel\AppData\Roaming\npm\node_modules\yarn\lib\cli.js:130369:10)
      at Request.emit (events.js:182:13)
      at IncomingMessage.<anonymous> (C:\Users\kylel\AppData\Roaming\npm\node_modules\yarn\lib\cli.js:130291:12)
      at Object.onceWrapper (events.js:273:13)
      at IncomingMessage.emit (events.js:187:15)
      at endReadableNT (_stream_readable.js:1094:12)
      at process._tickCallback (internal/process/next_tick.js:63:19)

npm manifest: 
  No manifest

yarn manifest: 
  No manifest

Lockfile: 
  No lockfile
